<?xml version="1.0" encoding="UTF-8"?>
<!-- Generated by org.testng.reporters.JUnitXMLReporter -->
<testsuite hostname="DESKTOP-8A29R4R" ignored="4" name="Default test(failed)" tests="1" failures="1" timestamp="2021-04-10T10:34:58 IST" time="0.06" errors="0">
  <testcase name="tc24" time="0.014" classname="org.rerun.RerunSampleManual">
    <failure type="java.lang.AssertionError" message="expected [true] but found [false]">
      <![CDATA[java.lang.AssertionError: expected [true] but found [false]
at org.rerun.RerunSampleManual.tc24(RerunSampleManual.java:26)
at java.util.ArrayList.forEach(Unknown Source)
... Removed 31 stack frames]]>
    </failure>
  </testcase> <!-- tc24 -->
  <testcase name="tc25" time="0.0" classname="org.rerun.RerunSampleManual">
    <ignored/>
  </testcase> <!-- tc25 -->
  <testcase name="tc22" time="0.0" classname="org.rerun.RerunSampleManual">
    <ignored/>
  </testcase> <!-- tc22 -->
  <testcase name="tc20" time="0.0" classname="org.rerun.RerunSampleManual">
    <ignored/>
  </testcase> <!-- tc20 -->
  <testcase name="tc21" time="0.0" classname="org.rerun.RerunSampleManual">
    <ignored/>
  </testcase> <!-- tc21 -->
</testsuite> <!-- Default test(failed) -->
