<?xml version="1.0" encoding="UTF-8"?>
<!-- Generated by org.testng.reporters.JUnitXMLReporter -->
<testsuite hostname="DESKTOP-8A29R4R" ignored="0" name="Default test" tests="4" failures="0" timestamp="2021-04-11T16:25:57 IST" time="12.088" errors="0">
  <testcase name="testcase1city" time="1.343" classname="org.airlinedemo.ExecutingClass"/>
  <testcase name="testcase2ChooseFlights" time="0.764" classname="org.airlinedemo.ExecutingClass"/>
  <testcase name="testCase3Register" time="1.579" classname="org.airlinedemo.ExecutingClass"/>
  <testcase name="testCasePassengerId" time="0.048" classname="org.airlinedemo.ExecutingClass"/>
</testsuite> <!-- Default test -->
