<?xml version="1.0" encoding="UTF-8"?>
<!-- Generated by org.testng.reporters.JUnitXMLReporter -->
<testsuite hostname="DESKTOP-8A29R4R" ignored="0" name="Test" tests="4" failures="0" timestamp="2021-04-11T19:24:40 IST" time="10.289" errors="0">
  <testcase name="testcase1city" time="1.434" classname="org.airlinedemo.ExecutingClass"/>
  <testcase name="testcase2ChooseFlights" time="1.01" classname="org.airlinedemo.ExecutingClass"/>
  <testcase name="testCase3Register" time="2.528" classname="org.airlinedemo.ExecutingClass"/>
  <testcase name="testCasePassengerId" time="0.357" classname="org.airlinedemo.ExecutingClass"/>
</testsuite> <!-- Test -->
