<?xml version="1.0" encoding="UTF-8"?>
<!-- Generated by org.testng.reporters.JUnitXMLReporter -->
<testsuite hostname="DESKTOP-8A29R4R" ignored="4" name="Default test(failed)(failed)" tests="1" failures="0" timestamp="2021-04-10T10:35:33 IST" time="0.052" errors="0">
  <testcase name="tc24" time="0.013" classname="org.rerun.RerunSampleManual"/>
  <testcase name="tc25" time="0.0" classname="org.rerun.RerunSampleManual">
    <ignored/>
  </testcase> <!-- tc25 -->
  <testcase name="tc22" time="0.0" classname="org.rerun.RerunSampleManual">
    <ignored/>
  </testcase> <!-- tc22 -->
  <testcase name="tc20" time="0.0" classname="org.rerun.RerunSampleManual">
    <ignored/>
  </testcase> <!-- tc20 -->
  <testcase name="tc21" time="0.0" classname="org.rerun.RerunSampleManual">
    <ignored/>
  </testcase> <!-- tc21 -->
</testsuite> <!-- Default test(failed)(failed) -->
